<?xml version="1.0" encoding="UTF-8"?>
<testsuite xmlns:xsi="http://www.w3.org/2001/XMLSchema-instance" xsi:noNamespaceSchemaLocation="https://maven.apache.org/surefire/maven-surefire-plugin/xsd/surefire-test-report-3.0.xsd" version="3.0" name="com.example.CalculatorAAATest" time="0.002" tests="2" errors="0" skipped="0" failures="0">
  <properties>
[...]
</properties>
  <testcase name="testMultiplication" classname="com.example.CalculatorAAATest" time="0.001">
    <system-out><![CDATA[Before Test
After Test
]]></system-out>
  </testcase>
  <testcase name="testAddition" classname="com.example.CalculatorAAATest" time="0.0">
    <system-out><![CDATA[Before Test
After Test
]]></system-out>
  </testcase>
</testsuite>